<?xml version="1.0" encoding="UTF-8"?>
<testng-results ignored="0" total="1" passed="1" failed="0" skipped="0">
  <reporter-output>
  </reporter-output>
  <suite started-at="2020-03-26T14:51:21 CDT" name="Default suite" finished-at="2020-03-26T14:51:41 CDT" duration-ms="20250">
    <groups>
    </groups>
    <test started-at="2020-03-26T14:51:21 CDT" name="Default test" finished-at="2020-03-26T14:51:41 CDT" duration-ms="20250">
      <class name="testCases.Assign04">
        <test-method signature="ebay()[pri:0, instance:testCases.Assign04@11a9e7c8]" started-at="2020-03-26T14:51:21 CDT" name="ebay" finished-at="2020-03-26T14:51:41 CDT" duration-ms="20206" status="PASS">
          <reporter-output>
          </reporter-output>
        </test-method> <!-- ebay -->
      </class> <!-- testCases.Assign04 -->
    </test> <!-- Default test -->
  </suite> <!-- Default suite -->
</testng-results>
