<?xml version="1.0" encoding="UTF-8"?>
<testng-results ignored="0" total="1" passed="1" failed="0" skipped="0">
  <reporter-output>
  </reporter-output>
  <suite started-at="2020-03-06T12:37:51 CST" name="Default suite" finished-at="2020-03-06T12:38:03 CST" duration-ms="11555">
    <groups>
    </groups>
    <test started-at="2020-03-06T12:37:51 CST" name="Default test" finished-at="2020-03-06T12:38:03 CST" duration-ms="11555">
      <class name="testCases.Assign04">
        <test-method signature="ebay()[pri:0, instance:testCases.Assign04@23529fee]" started-at="2020-03-06T12:37:51 CST" name="ebay" finished-at="2020-03-06T12:38:03 CST" duration-ms="11517" status="PASS">
          <reporter-output>
          </reporter-output>
        </test-method> <!-- ebay -->
      </class> <!-- testCases.Assign04 -->
    </test> <!-- Default test -->
  </suite> <!-- Default suite -->
</testng-results>
