<?xml version="1.0" encoding="UTF-8"?>
<testng-results ignored="0" total="1" passed="1" failed="0" skipped="0">
  <reporter-output>
  </reporter-output>
  <suite started-at="2020-03-03T12:09:28 CST" name="Default suite" finished-at="2020-03-03T12:09:40 CST" duration-ms="11558">
    <groups>
    </groups>
    <test started-at="2020-03-03T12:09:28 CST" name="Default test" finished-at="2020-03-03T12:09:40 CST" duration-ms="11558">
      <class name="Assign03">
        <test-method signature="Flipkart()[pri:0, instance:Assign03@2805c96b]" started-at="2020-03-03T12:09:28 CST" name="Flipkart" finished-at="2020-03-03T12:09:40 CST" duration-ms="11511" status="PASS">
          <reporter-output>
          </reporter-output>
        </test-method> <!-- Flipkart -->
      </class> <!-- Assign03 -->
    </test> <!-- Default test -->
  </suite> <!-- Default suite -->
</testng-results>
